<?xml version="1.0" encoding="UTF-8"?>
<coverage generated="1562226787165" clover="3.2.0">
  <project timestamp="1562226787165" name="All files">
    <metrics statements="9" coveredstatements="9" conditionals="4" coveredconditionals="4" methods="4" coveredmethods="4" elements="17" coveredelements="17" complexity="0" loc="9" ncloc="9" packages="1" files="1" classes="1"/>
    <file name="index.tsx" path="G:\test-project\npm-package\components\checkboxWithLabel\index.tsx">
      <metrics statements="9" coveredstatements="9" conditionals="4" coveredconditionals="4" methods="4" coveredmethods="4"/>
      <line num="1" count="1" type="stmt"/>
      <line num="3" count="1" type="stmt"/>
      <line num="13" count="1" type="cond" truecount="2" falsecount="0"/>
      <line num="14" count="1" type="stmt"/>
      <line num="17" count="1" type="stmt"/>
      <line num="18" count="1" type="stmt"/>
      <line num="21" count="1" type="stmt"/>
      <line num="22" count="2" type="stmt"/>
      <line num="29" count="1" type="stmt"/>
    </file>
  </project>
</coverage>
