{"G:\\test-project\\npm-package\\components\\checkboxWithLabel\\index.tsx": {"path":"G:\\test-project\\npm-package\\components\\checkboxWithLabel\\index.tsx","statementMap":{"0":{"start":{"line":1,"column":0},"end":{"line":1,"column":31}},"1":{"start":{"line":3,"column":0},"end":{"line":3,"column":null}},"2":{"start":{"line":3,"column":39},"end":{"line":3,"column":44}},"3":{"start":{"line":13,"column":4},"end":{"line":13,"column":null}},"4":{"start":{"line":17,"column":2},"end":{"line":19,"column":4}},"5":{"start":{"line":18,"column":4},"end":{"line":18,"column":56}},"6":{"start":{"line":14,"column":4},"end":{"line":14,"column":38}},"7":{"start":{"line":21,"column":2},"end":{"line":28,"column":null}},"8":{"start":{"line":22,"column":4},"end":{"line":27,"column":6}},"9":{"start":{"line":29,"column":0},"end":{"line":29,"column":null}},"10":{"start":{"line":3,"column":13},"end":{"line":3,"column":30}}},"fnMap":{"0":{"name":"(anonymous_6)","decl":{"start":{"line":3,"column":0},"end":{"line":3,"column":13}},"loc":{"start":{"line":3,"column":0},"end":{"line":29,"column":null}}},"1":{"name":"CheckboxWithLabel","decl":{"start":{"line":12,"column":2},"end":{"line":12,"column":14}},"loc":{"start":{"line":12,"column":24},"end":{"line":15,"column":3}}},"2":{"name":"(anonymous_8)","decl":{"start":{"line":17,"column":13},"end":{"line":17,"column":null}},"loc":{"start":{"line":17,"column":13},"end":{"line":19,"column":3}}},"3":{"name":"(anonymous_9)","decl":{"start":{"line":21,"column":2},"end":{"line":21,"column":8}},"loc":{"start":{"line":21,"column":2},"end":{"line":28,"column":3}}}},"branchMap":{"0":{"loc":{"start":{"line":13,"column":4},"end":{"line":13,"column":16}},"type":"binary-expr","locations":[{"start":{"line":13,"column":4},"end":{"line":13,"column":16}},{"start":{"line":13,"column":16},"end":{"line":13,"column":null}}]},"1":{"loc":{"start":{"line":25,"column":32},"end":{"line":25,"column":50}},"type":"cond-expr","locations":[{"start":{"line":25,"column":32},"end":{"line":25,"column":50}},{"start":{"line":25,"column":53},"end":{"line":25,"column":72}}]}},"s":{"0":1,"1":1,"2":1,"3":1,"4":1,"5":1,"6":1,"7":1,"8":2,"9":1,"10":1},"f":{"0":1,"1":1,"2":1,"3":2},"b":{"0":[1,1],"1":[1,1]}}
}
